<?xml version="1.0" encoding="UTF-8"?>
<testsuite xmlns:xsi="http://www.w3.org/2001/XMLSchema-instance" xsi:noNamespaceSchemaLocation="https://maven.apache.org/surefire/maven-surefire-plugin/xsd/surefire-test-report.xsd" name="TestSuite" time="243.774" tests="28" errors="0" skipped="0" failures="0">
  <properties>
[...]
</properties>
  <testcase name="ValidateSearchbox" classname="org.computerdb.testset.homepagetest" time="3.051"/>
  <testcase name="ValidateComputerNameText" classname="org.computerdb.testset.addcomputerpagetest" time="3.61"/>
  <testcase name="ValidateSearchComputer" classname="org.computerdb.testset.searchcomputertest" time="3.624"/>
  <testcase name="ValidateDeleteComputer" classname="org.computerdb.testset.deletecomputernametest" time="14.944"/>
  <testcase name="ValidateFilterButton" classname="org.computerdb.testset.homepagetest" time="3.04"/>
  <testcase name="ValidateIntroducedText" classname="org.computerdb.testset.addcomputerpagetest" time="3.504"/>
  <testcase name="ValidateAddComputerButton" classname="org.computerdb.testset.homepagetest" time="3.048"/>
  <testcase name="ValidateDiscontinuedText" classname="org.computerdb.testset.addcomputerpagetest" time="3.485"/>
  <testcase name="ValidateSubheadTitle" classname="org.computerdb.testset.homepagetest" time="3.106"/>
  <testcase name="ValidateCompanyDropDown" classname="org.computerdb.testset.addcomputerpagetest" time="3.859"/>
  <testcase name="ValidateComputerNameField" classname="org.computerdb.testset.homepagetest" time="3.081"/>
  <testcase name="ValidateCreateComputerButt" classname="org.computerdb.testset.addcomputerpagetest" time="3.482"/>
  <testcase name="ValidateIntroducedField" classname="org.computerdb.testset.homepagetest" time="3.049"/>
  <testcase name="ValidateCancelButt" classname="org.computerdb.testset.addcomputerpagetest" time="3.491"/>
  <testcase name="ValidateDiscontinuedField" classname="org.computerdb.testset.homepagetest" time="3.053"/>
  <testcase name="ValidateSubHeadTitle" classname="org.computerdb.testset.addcomputerpagetest" time="3.497"/>
  <testcase name="ValidateCompanyField" classname="org.computerdb.testset.homepagetest" time="3.054"/>
  <testcase name="ValidateRequiredCaptionText" classname="org.computerdb.testset.addcomputerpagetest" time="3.97"/>
  <testcase name="ValidatePreviousLink" classname="org.computerdb.testset.homepagetest" time="3.053"/>
  <testcase name="ValidateIntroducedDateCaption" classname="org.computerdb.testset.addcomputerpagetest" time="3.602"/>
  <testcase name="ValidateNextLink" classname="org.computerdb.testset.homepagetest" time="3.058"/>
  <testcase name="ValidateDiscontinuedDateCaption" classname="org.computerdb.testset.addcomputerpagetest" time="3.488"/>
  <testcase name="ValidatePageDisplay" classname="org.computerdb.testset.homepagetest" time="3.053"/>
  <testcase name="ValidateCreateComputerNegativeData" classname="org.computerdb.testset.addcomputerpagetest" time="6.427"/>
  <testcase name="ValidateCreateComputerNegativeData" classname="org.computerdb.testset.addcomputerpagetest" time="4.593"/>
  <testcase name="ValidateCreateComputerNegativeData" classname="org.computerdb.testset.addcomputerpagetest" time="4.308"/>
  <testcase name="ValidateAddNewComputerPage" classname="org.computerdb.testset.homepagetest" time="3.498"/>
  <testcase name="ValidateCreateComputerPositiveData" classname="org.computerdb.testset.addcomputerpagetest" time="6.047"/>
</testsuite>