<?xml version="1.0" encoding="UTF-8"?>
<!-- Generated by org.testng.reporters.JUnitXMLReporter -->
<testsuite hostname="192-168-1-2.tpgi.com.au" ignored="0" name="Test" tests="28" failures="0" timestamp="12 Aug 2018 22:23:13 GMT" time="243.061" errors="0">
  <testcase name="ValidateSearchbox" time="3.049" classname="org.computerdb.testset.homepagetest"/>
  <testcase name="ValidateComputerNameText" time="3.611" classname="org.computerdb.testset.addcomputerpagetest"/>
  <testcase name="ValidateSearchComputer" time="3.624" classname="org.computerdb.testset.searchcomputertest"/>
  <testcase name="ValidateDeleteComputer" time="14.94" classname="org.computerdb.testset.deletecomputernametest"/>
  <testcase name="ValidateFilterButton" time="3.039" classname="org.computerdb.testset.homepagetest"/>
  <testcase name="ValidateIntroducedText" time="3.503" classname="org.computerdb.testset.addcomputerpagetest"/>
  <testcase name="ValidateAddComputerButton" time="3.043" classname="org.computerdb.testset.homepagetest"/>
  <testcase name="ValidateDiscontinuedText" time="3.485" classname="org.computerdb.testset.addcomputerpagetest"/>
  <testcase name="ValidateSubheadTitle" time="3.105" classname="org.computerdb.testset.homepagetest"/>
  <testcase name="ValidateCompanyDropDown" time="3.859" classname="org.computerdb.testset.addcomputerpagetest"/>
  <testcase name="ValidateComputerNameField" time="3.08" classname="org.computerdb.testset.homepagetest"/>
  <testcase name="ValidateCreateComputerButt" time="3.481" classname="org.computerdb.testset.addcomputerpagetest"/>
  <testcase name="ValidateIntroducedField" time="3.048" classname="org.computerdb.testset.homepagetest"/>
  <testcase name="ValidateCancelButt" time="3.49" classname="org.computerdb.testset.addcomputerpagetest"/>
  <testcase name="ValidateDiscontinuedField" time="3.052" classname="org.computerdb.testset.homepagetest"/>
  <testcase name="ValidateSubHeadTitle" time="3.496" classname="org.computerdb.testset.addcomputerpagetest"/>
  <testcase name="ValidateCompanyField" time="3.054" classname="org.computerdb.testset.homepagetest"/>
  <testcase name="ValidateRequiredCaptionText" time="3.96" classname="org.computerdb.testset.addcomputerpagetest"/>
  <testcase name="ValidatePreviousLink" time="3.053" classname="org.computerdb.testset.homepagetest"/>
  <testcase name="ValidateIntroducedDateCaption" time="3.602" classname="org.computerdb.testset.addcomputerpagetest"/>
  <testcase name="ValidateNextLink" time="3.051" classname="org.computerdb.testset.homepagetest"/>
  <testcase name="ValidateDiscontinuedDateCaption" time="3.487" classname="org.computerdb.testset.addcomputerpagetest"/>
  <testcase name="ValidatePageDisplay" time="3.054" classname="org.computerdb.testset.homepagetest"/>
  <testcase name="ValidateCreateComputerNegativeData" time="6.426" classname="org.computerdb.testset.addcomputerpagetest"/>
  <testcase name="ValidateCreateComputerNegativeData" time="4.595" classname="org.computerdb.testset.addcomputerpagetest"/>
  <testcase name="ValidateCreateComputerNegativeData" time="4.308" classname="org.computerdb.testset.addcomputerpagetest"/>
  <testcase name="ValidateAddNewComputerPage" time="3.496" classname="org.computerdb.testset.homepagetest"/>
  <testcase name="ValidateCreateComputerPositiveData" time="6.046" classname="org.computerdb.testset.addcomputerpagetest"/>
</testsuite> <!-- Test -->
